<?xml version="1.0" encoding="UTF-8"?>
<!-- Generated by org.testng.reporters.JUnitXMLReporter -->
<testsuite hostname="LAPTOP-T3UANJN2" ignored="2" name="Sanity Test" tests="1" failures="0" timestamp="2022-12-13T17:46:05 GMT" time="5.711" errors="0">
  <testcase name="userShouldLoginSuccessfullyWithValidCredentials" time="0.466" classname="com.herokuapp.internet.testsuite.LoginPageTest"/>
  <testcase name="verifyThePasswordErrorMessage" time="0.0" classname="com.herokuapp.internet.testsuite.LoginPageTest">
    <ignored/>
  </testcase> <!-- verifyThePasswordErrorMessage -->
  <testcase name="verifyTheUsernameErrorMessage" time="0.0" classname="com.herokuapp.internet.testsuite.LoginPageTest">
    <ignored/>
  </testcase> <!-- verifyTheUsernameErrorMessage -->
</testsuite> <!-- Sanity Test -->
