<?xml version="1.0" encoding="UTF-8"?>
<!-- Generated by org.testng.reporters.JUnitXMLReporter -->
<testsuite hostname="LAPTOP-T3UANJN2" ignored="0" name="Regression Test" tests="3" failures="0" timestamp="2022-12-13T19:50:10 GMT" time="12.376" errors="0">
  <testcase name="userShouldLoginSuccessfullyWithValidCredentials" time="0.467" classname="com.herokuapp.internet.testsuite.LoginPageTest"/>
  <testcase name="verifyThePasswordErrorMessage" time="0.441" classname="com.herokuapp.internet.testsuite.LoginPageTest"/>
  <testcase name="verifyTheUsernameErrorMessage" time="0.415" classname="com.herokuapp.internet.testsuite.LoginPageTest"/>
</testsuite> <!-- Regression Test -->
